[0.016s] Invoking command in '/home/chip/ydlidar_ros2_ws/build/ydlidar_ros2_driver': CMAKE_PREFIX_PATH=${CMAKE_PREFIX_PATH}:/opt/ros/humble /usr/bin/cmake /home/chip/ydlidar_ros2_ws/src/ydlidar_ros2_driver -DCMAKE_INSTALL_PREFIX=/home/chip/ydlidar_ros2_ws/install/ydlidar_ros2_driver
[0.070s] -- Found ament_cmake: 1.3.9 (/opt/ros/humble/share/ament_cmake/cmake)
[0.175s] -- Override CMake install command with custom implementation using symlinks instead of copying resources
[0.203s] -- Found rclcpp: 16.0.9 (/opt/ros/humble/share/rclcpp/cmake)
[0.935s] -- Found rosidl_generator_c: 3.1.5 (/opt/ros/humble/share/rosidl_generator_c/cmake)
[0.940s] -- Found rosidl_adapter: 3.1.5 (/opt/ros/humble/share/rosidl_adapter/cmake)
[0.953s] -- Found rosidl_generator_cpp: 3.1.5 (/opt/ros/humble/share/rosidl_generator_cpp/cmake)
[0.974s] -- Using all available rosidl_typesupport_c: rosidl_typesupport_fastrtps_c;rosidl_typesupport_introspection_c
[0.999s] -- Using all available rosidl_typesupport_cpp: rosidl_typesupport_fastrtps_cpp;rosidl_typesupport_introspection_cpp
[1.073s] -- Found rmw_implementation_cmake: 6.1.2 (/opt/ros/humble/share/rmw_implementation_cmake/cmake)
[1.077s] -- Found rmw_fastrtps_cpp: 6.2.6 (/opt/ros/humble/share/rmw_fastrtps_cpp/cmake)
[16.651s] -- Using RMW implementation 'rmw_fastrtps_cpp' as default
[16.811s] -- Found sensor_msgs: 4.2.3 (/opt/ros/humble/share/sensor_msgs/cmake)
[16.916s] -- Found visualization_msgs: 4.2.3 (/opt/ros/humble/share/visualization_msgs/cmake)
[17.011s] -- Found std_srvs: 4.2.3 (/opt/ros/humble/share/std_srvs/cmake)
[17.034s] -- Found ament_lint_auto: 0.12.11 (/opt/ros/humble/share/ament_lint_auto/cmake)
[17.105s] -- Added test 'copyright' to check source files copyright and LICENSE
[17.121s] -- Added test 'cppcheck' to perform static code analysis on C / C++ code
[17.121s] -- Configured cppcheck include dirs: /home/chip/ydlidar_ros2_ws/src/ydlidar_ros2_driver/src
[17.121s] -- Configured cppcheck exclude dirs and/or files: 
[17.127s] -- Added test 'cpplint' to check C / C++ code against the Google style
[17.127s] -- Configured cpplint exclude dirs and/or files: 
[17.128s] -- Added test 'flake8' to check Python code syntax and style conventions
[17.131s] -- Added test 'lint_cmake' to check CMake code style
[17.133s] -- Added test 'pep257' to check Python code against some of the docstring style conventions in PEP 257
[17.139s] -- Added test 'uncrustify' to check C / C++ code style
[17.139s] -- Configured uncrustify additional arguments: 
[17.140s] -- Added test 'xmllint' to check XML markup files
[17.143s] -- Configuring done
[17.169s] -- Generating done
[17.171s] -- Build files have been written to: /home/chip/ydlidar_ros2_ws/build/ydlidar_ros2_driver
[17.184s] Invoked command in '/home/chip/ydlidar_ros2_ws/build/ydlidar_ros2_driver' returned '0': CMAKE_PREFIX_PATH=${CMAKE_PREFIX_PATH}:/opt/ros/humble /usr/bin/cmake /home/chip/ydlidar_ros2_ws/src/ydlidar_ros2_driver -DCMAKE_INSTALL_PREFIX=/home/chip/ydlidar_ros2_ws/install/ydlidar_ros2_driver
[17.185s] Invoking command in '/home/chip/ydlidar_ros2_ws/build/ydlidar_ros2_driver': CMAKE_PREFIX_PATH=${CMAKE_PREFIX_PATH}:/opt/ros/humble /usr/bin/cmake --build /home/chip/ydlidar_ros2_ws/build/ydlidar_ros2_driver -- -j16 -l16
[17.218s] [35m[1mConsolidate compiler generated dependencies of target ydlidar_ros2_driver_client[0m
[17.218s] [35m[1mConsolidate compiler generated dependencies of target ydlidar_ros2_driver_node[0m
[17.252s] [100%] Built target ydlidar_ros2_driver_client
[17.252s] [100%] Built target ydlidar_ros2_driver_node
[17.260s] Invoked command in '/home/chip/ydlidar_ros2_ws/build/ydlidar_ros2_driver' returned '0': CMAKE_PREFIX_PATH=${CMAKE_PREFIX_PATH}:/opt/ros/humble /usr/bin/cmake --build /home/chip/ydlidar_ros2_ws/build/ydlidar_ros2_driver -- -j16 -l16
[17.289s] Invoking command in '/home/chip/ydlidar_ros2_ws/build/ydlidar_ros2_driver': CMAKE_PREFIX_PATH=${CMAKE_PREFIX_PATH}:/opt/ros/humble /usr/bin/cmake --install /home/chip/ydlidar_ros2_ws/build/ydlidar_ros2_driver
[17.294s] -- Install configuration: ""
[17.294s] -- Execute custom install script
[17.295s] -- Up-to-date symlink: /home/chip/ydlidar_ros2_ws/install/ydlidar_ros2_driver/lib/ydlidar_ros2_driver/ydlidar_ros2_driver_node
[17.295s] -- Up-to-date symlink: /home/chip/ydlidar_ros2_ws/install/ydlidar_ros2_driver/lib/ydlidar_ros2_driver/ydlidar_ros2_driver_client
[17.295s] -- Up-to-date symlink: /home/chip/ydlidar_ros2_ws/install/ydlidar_ros2_driver/share/ydlidar_ros2_driver/launch/ydlidar.py
[17.296s] -- Up-to-date symlink: /home/chip/ydlidar_ros2_ws/install/ydlidar_ros2_driver/share/ydlidar_ros2_driver/launch/ydlidar_launch.py
[17.296s] -- Up-to-date symlink: /home/chip/ydlidar_ros2_ws/install/ydlidar_ros2_driver/share/ydlidar_ros2_driver/launch/ydlidar_launch_view.py
[17.296s] -- Up-to-date symlink: /home/chip/ydlidar_ros2_ws/install/ydlidar_ros2_driver/share/ydlidar_ros2_driver/params/G1.yaml
[17.296s] -- Up-to-date symlink: /home/chip/ydlidar_ros2_ws/install/ydlidar_ros2_driver/share/ydlidar_ros2_driver/params/G2.yaml
[17.296s] -- Up-to-date symlink: /home/chip/ydlidar_ros2_ws/install/ydlidar_ros2_driver/share/ydlidar_ros2_driver/params/G6.yaml
[17.296s] -- Up-to-date symlink: /home/chip/ydlidar_ros2_ws/install/ydlidar_ros2_driver/share/ydlidar_ros2_driver/params/GS2.yaml
[17.296s] -- Up-to-date symlink: /home/chip/ydlidar_ros2_ws/install/ydlidar_ros2_driver/share/ydlidar_ros2_driver/params/TEA.yaml
[17.297s] -- Up-to-date symlink: /home/chip/ydlidar_ros2_ws/install/ydlidar_ros2_driver/share/ydlidar_ros2_driver/params/TG.yaml
[17.297s] -- Up-to-date symlink: /home/chip/ydlidar_ros2_ws/install/ydlidar_ros2_driver/share/ydlidar_ros2_driver/params/TminiPro.yaml
[17.297s] -- Up-to-date symlink: /home/chip/ydlidar_ros2_ws/install/ydlidar_ros2_driver/share/ydlidar_ros2_driver/params/X2.yaml
[17.297s] -- Up-to-date symlink: /home/chip/ydlidar_ros2_ws/install/ydlidar_ros2_driver/share/ydlidar_ros2_driver/params/X4-Pro.yaml
[17.297s] -- Up-to-date symlink: /home/chip/ydlidar_ros2_ws/install/ydlidar_ros2_driver/share/ydlidar_ros2_driver/params/X4.yaml
[17.297s] -- Up-to-date symlink: /home/chip/ydlidar_ros2_ws/install/ydlidar_ros2_driver/share/ydlidar_ros2_driver/params/ydlidar.yaml
[17.297s] -- Up-to-date symlink: /home/chip/ydlidar_ros2_ws/install/ydlidar_ros2_driver/share/ydlidar_ros2_driver/startup/initenv.sh
[17.297s] -- Up-to-date symlink: /home/chip/ydlidar_ros2_ws/install/ydlidar_ros2_driver/share/ydlidar_ros2_driver/config/ydlidar.rviz
[17.297s] -- Up-to-date symlink: /home/chip/ydlidar_ros2_ws/install/ydlidar_ros2_driver/share/ament_index/resource_index/package_run_dependencies/ydlidar_ros2_driver
[17.297s] -- Up-to-date symlink: /home/chip/ydlidar_ros2_ws/install/ydlidar_ros2_driver/share/ament_index/resource_index/parent_prefix_path/ydlidar_ros2_driver
[17.298s] -- Up-to-date symlink: /home/chip/ydlidar_ros2_ws/install/ydlidar_ros2_driver/share/ydlidar_ros2_driver/environment/ament_prefix_path.sh
[17.298s] -- Up-to-date symlink: /home/chip/ydlidar_ros2_ws/install/ydlidar_ros2_driver/share/ydlidar_ros2_driver/environment/ament_prefix_path.dsv
[17.298s] -- Up-to-date symlink: /home/chip/ydlidar_ros2_ws/install/ydlidar_ros2_driver/share/ydlidar_ros2_driver/environment/path.sh
[17.298s] -- Up-to-date symlink: /home/chip/ydlidar_ros2_ws/install/ydlidar_ros2_driver/share/ydlidar_ros2_driver/environment/path.dsv
[17.298s] -- Up-to-date symlink: /home/chip/ydlidar_ros2_ws/install/ydlidar_ros2_driver/share/ydlidar_ros2_driver/local_setup.bash
[17.298s] -- Up-to-date symlink: /home/chip/ydlidar_ros2_ws/install/ydlidar_ros2_driver/share/ydlidar_ros2_driver/local_setup.sh
[17.298s] -- Up-to-date symlink: /home/chip/ydlidar_ros2_ws/install/ydlidar_ros2_driver/share/ydlidar_ros2_driver/local_setup.zsh
[17.299s] -- Up-to-date symlink: /home/chip/ydlidar_ros2_ws/install/ydlidar_ros2_driver/share/ydlidar_ros2_driver/local_setup.dsv
[17.299s] -- Symlinking: /home/chip/ydlidar_ros2_ws/install/ydlidar_ros2_driver/share/ydlidar_ros2_driver/package.dsv
[17.305s] -- Up-to-date symlink: /home/chip/ydlidar_ros2_ws/install/ydlidar_ros2_driver/share/ament_index/resource_index/packages/ydlidar_ros2_driver
[17.305s] -- Up-to-date symlink: /home/chip/ydlidar_ros2_ws/install/ydlidar_ros2_driver/share/ydlidar_ros2_driver/cmake/ydlidar_ros2_driverConfig.cmake
[17.305s] -- Up-to-date symlink: /home/chip/ydlidar_ros2_ws/install/ydlidar_ros2_driver/share/ydlidar_ros2_driver/cmake/ydlidar_ros2_driverConfig-version.cmake
[17.306s] -- Up-to-date symlink: /home/chip/ydlidar_ros2_ws/install/ydlidar_ros2_driver/share/ydlidar_ros2_driver/package.xml
[17.308s] Invoked command in '/home/chip/ydlidar_ros2_ws/build/ydlidar_ros2_driver' returned '0': CMAKE_PREFIX_PATH=${CMAKE_PREFIX_PATH}:/opt/ros/humble /usr/bin/cmake --install /home/chip/ydlidar_ros2_ws/build/ydlidar_ros2_driver
