[0.421s] DEBUG:colcon:Command line arguments: ['/usr/bin/colcon', 'build', '--symlink-install']
[0.421s] DEBUG:colcon:Parsed command line arguments: Namespace(log_base=None, log_level=None, verb_name='build', build_base='build', install_base='install', merge_install=False, symlink_install=True, test_result_base=None, continue_on_error=False, executor='parallel', parallel_workers=16, event_handlers=None, ignore_user_meta=False, metas=['./colcon.meta'], base_paths=['.'], packages_ignore=None, packages_ignore_regex=None, paths=None, packages_up_to=None, packages_up_to_regex=None, packages_above=None, packages_above_and_dependencies=None, packages_above_depth=None, packages_select_by_dep=None, packages_skip_by_dep=None, packages_skip_up_to=None, packages_select_build_failed=False, packages_skip_build_finished=False, packages_select_test_failures=False, packages_skip_test_passed=False, packages_select=None, packages_skip=None, packages_select_regex=None, packages_skip_regex=None, packages_start=None, packages_end=None, allow_overriding=[], cmake_args=None, cmake_target=None, cmake_target_skip_unavailable=False, cmake_clean_cache=False, cmake_clean_first=False, cmake_force_configure=False, ament_cmake_args=None, catkin_cmake_args=None, catkin_skip_building_tests=False, verb_parser=<colcon_defaults.argument_parser.defaults.DefaultArgumentsDecorator object at 0x7f11135cc3d0>, verb_extension=<colcon_core.verb.build.BuildVerb object at 0x7f11135933a0>, main=<bound method BuildVerb.main of <colcon_core.verb.build.BuildVerb object at 0x7f11135933a0>>)
[0.832s] Level 1:colcon.colcon_core.package_discovery:discover_packages(colcon_meta) check parameters
[0.833s] Level 1:colcon.colcon_core.package_discovery:discover_packages(recursive) check parameters
[0.833s] Level 1:colcon.colcon_core.package_discovery:discover_packages(ignore) check parameters
[0.833s] Level 1:colcon.colcon_core.package_discovery:discover_packages(path) check parameters
[0.833s] Level 1:colcon.colcon_core.package_discovery:discover_packages(colcon_meta) discover
[0.833s] Level 1:colcon.colcon_core.package_discovery:discover_packages(recursive) discover
[0.833s] INFO:colcon.colcon_core.package_discovery:Crawling recursively for packages in '/home/chip/ydlidar_ros2_ws'
[0.833s] Level 1:colcon.colcon_core.package_identification:_identify(.) by extensions ['ignore', 'ignore_ament_install']
[0.833s] Level 1:colcon.colcon_core.package_identification:_identify(.) by extension 'ignore'
[0.833s] Level 1:colcon.colcon_core.package_identification:_identify(.) by extension 'ignore_ament_install'
[0.833s] Level 1:colcon.colcon_core.package_identification:_identify(.) by extensions ['colcon_pkg']
[0.833s] Level 1:colcon.colcon_core.package_identification:_identify(.) by extension 'colcon_pkg'
[0.834s] Level 1:colcon.colcon_core.package_identification:_identify(.) by extensions ['colcon_meta']
[0.834s] Level 1:colcon.colcon_core.package_identification:_identify(.) by extension 'colcon_meta'
[0.834s] Level 1:colcon.colcon_core.package_identification:_identify(.) by extensions ['ros']
[0.834s] Level 1:colcon.colcon_core.package_identification:_identify(.) by extension 'ros'
[0.855s] Level 1:colcon.colcon_core.package_identification:_identify(.) by extensions ['cmake', 'python']
[0.855s] Level 1:colcon.colcon_core.package_identification:_identify(.) by extension 'cmake'
[0.855s] Level 1:colcon.colcon_core.package_identification:_identify(.) by extension 'python'
[0.855s] Level 1:colcon.colcon_core.package_identification:_identify(.) by extensions ['python_setup_py']
[0.855s] Level 1:colcon.colcon_core.package_identification:_identify(.) by extension 'python_setup_py'
[0.856s] Level 1:colcon.colcon_core.package_identification:_identify(build) by extensions ['ignore', 'ignore_ament_install']
[0.856s] Level 1:colcon.colcon_core.package_identification:_identify(build) by extension 'ignore'
[0.856s] Level 1:colcon.colcon_core.package_identification:_identify(build) ignored
[0.857s] Level 1:colcon.colcon_core.package_identification:_identify(install) by extensions ['ignore', 'ignore_ament_install']
[0.857s] Level 1:colcon.colcon_core.package_identification:_identify(install) by extension 'ignore'
[0.857s] Level 1:colcon.colcon_core.package_identification:_identify(install) ignored
[0.857s] Level 1:colcon.colcon_core.package_identification:_identify(log) by extensions ['ignore', 'ignore_ament_install']
[0.858s] Level 1:colcon.colcon_core.package_identification:_identify(log) by extension 'ignore'
[0.858s] Level 1:colcon.colcon_core.package_identification:_identify(log) ignored
[0.858s] Level 1:colcon.colcon_core.package_identification:_identify(src) by extensions ['ignore', 'ignore_ament_install']
[0.858s] Level 1:colcon.colcon_core.package_identification:_identify(src) by extension 'ignore'
[0.858s] Level 1:colcon.colcon_core.package_identification:_identify(src) by extension 'ignore_ament_install'
[0.858s] Level 1:colcon.colcon_core.package_identification:_identify(src) by extensions ['colcon_pkg']
[0.858s] Level 1:colcon.colcon_core.package_identification:_identify(src) by extension 'colcon_pkg'
[0.859s] Level 1:colcon.colcon_core.package_identification:_identify(src) by extensions ['colcon_meta']
[0.859s] Level 1:colcon.colcon_core.package_identification:_identify(src) by extension 'colcon_meta'
[0.859s] Level 1:colcon.colcon_core.package_identification:_identify(src) by extensions ['ros']
[0.859s] Level 1:colcon.colcon_core.package_identification:_identify(src) by extension 'ros'
[0.859s] Level 1:colcon.colcon_core.package_identification:_identify(src) by extensions ['cmake', 'python']
[0.859s] Level 1:colcon.colcon_core.package_identification:_identify(src) by extension 'cmake'
[0.859s] Level 1:colcon.colcon_core.package_identification:_identify(src) by extension 'python'
[0.859s] Level 1:colcon.colcon_core.package_identification:_identify(src) by extensions ['python_setup_py']
[0.859s] Level 1:colcon.colcon_core.package_identification:_identify(src) by extension 'python_setup_py'
[0.860s] Level 1:colcon.colcon_core.package_identification:_identify(src/ydlidar_ros2_driver) by extensions ['ignore', 'ignore_ament_install']
[0.860s] Level 1:colcon.colcon_core.package_identification:_identify(src/ydlidar_ros2_driver) by extension 'ignore'
[0.860s] Level 1:colcon.colcon_core.package_identification:_identify(src/ydlidar_ros2_driver) by extension 'ignore_ament_install'
[0.860s] Level 1:colcon.colcon_core.package_identification:_identify(src/ydlidar_ros2_driver) by extensions ['colcon_pkg']
[0.860s] Level 1:colcon.colcon_core.package_identification:_identify(src/ydlidar_ros2_driver) by extension 'colcon_pkg'
[0.860s] Level 1:colcon.colcon_core.package_identification:_identify(src/ydlidar_ros2_driver) by extensions ['colcon_meta']
[0.860s] Level 1:colcon.colcon_core.package_identification:_identify(src/ydlidar_ros2_driver) by extension 'colcon_meta'
[0.860s] Level 1:colcon.colcon_core.package_identification:_identify(src/ydlidar_ros2_driver) by extensions ['ros']
[0.861s] Level 1:colcon.colcon_core.package_identification:_identify(src/ydlidar_ros2_driver) by extension 'ros'
[0.866s] DEBUG:colcon.colcon_core.package_identification:Package 'src/ydlidar_ros2_driver' with type 'ros.ament_cmake' and name 'ydlidar_ros2_driver'
[0.866s] Level 1:colcon.colcon_core.package_discovery:discover_packages(recursive) using defaults
[0.866s] Level 1:colcon.colcon_core.package_discovery:discover_packages(ignore) discover
[0.867s] Level 1:colcon.colcon_core.package_discovery:discover_packages(ignore) using defaults
[0.867s] Level 1:colcon.colcon_core.package_discovery:discover_packages(path) discover
[0.867s] Level 1:colcon.colcon_core.package_discovery:discover_packages(path) using defaults
[0.910s] Level 1:colcon.colcon_core.package_discovery:discover_packages(prefix_path) check parameters
[0.910s] Level 1:colcon.colcon_core.package_discovery:discover_packages(prefix_path) discover
[0.913s] WARNING:colcon.colcon_core.prefix_path.colcon:The path '/home/chip/ydlidar_ros2_driver/install' in the environment variable COLCON_PREFIX_PATH doesn't exist
[0.918s] DEBUG:colcon.colcon_installed_package_information.package_discovery:Found 385 installed packages in /opt/ros/humble
[0.941s] Level 1:colcon.colcon_core.package_discovery:discover_packages(prefix_path) using defaults
[1.094s] Level 5:colcon.colcon_core.verb:set package 'ydlidar_ros2_driver' build argument 'cmake_args' from command line to 'None'
[1.094s] Level 5:colcon.colcon_core.verb:set package 'ydlidar_ros2_driver' build argument 'cmake_target' from command line to 'None'
[1.094s] Level 5:colcon.colcon_core.verb:set package 'ydlidar_ros2_driver' build argument 'cmake_target_skip_unavailable' from command line to 'False'
[1.094s] Level 5:colcon.colcon_core.verb:set package 'ydlidar_ros2_driver' build argument 'cmake_clean_cache' from command line to 'False'
[1.094s] Level 5:colcon.colcon_core.verb:set package 'ydlidar_ros2_driver' build argument 'cmake_clean_first' from command line to 'False'
[1.094s] Level 5:colcon.colcon_core.verb:set package 'ydlidar_ros2_driver' build argument 'cmake_force_configure' from command line to 'False'
[1.094s] Level 5:colcon.colcon_core.verb:set package 'ydlidar_ros2_driver' build argument 'ament_cmake_args' from command line to 'None'
[1.094s] Level 5:colcon.colcon_core.verb:set package 'ydlidar_ros2_driver' build argument 'catkin_cmake_args' from command line to 'None'
[1.094s] Level 5:colcon.colcon_core.verb:set package 'ydlidar_ros2_driver' build argument 'catkin_skip_building_tests' from command line to 'False'
[1.094s] DEBUG:colcon.colcon_core.verb:Building package 'ydlidar_ros2_driver' with the following arguments: {'ament_cmake_args': None, 'build_base': '/home/chip/ydlidar_ros2_ws/build/ydlidar_ros2_driver', 'catkin_cmake_args': None, 'catkin_skip_building_tests': False, 'cmake_args': None, 'cmake_clean_cache': False, 'cmake_clean_first': False, 'cmake_force_configure': False, 'cmake_target': None, 'cmake_target_skip_unavailable': False, 'install_base': '/home/chip/ydlidar_ros2_ws/install/ydlidar_ros2_driver', 'merge_install': False, 'path': '/home/chip/ydlidar_ros2_ws/src/ydlidar_ros2_driver', 'symlink_install': True, 'test_result_base': None}
[1.095s] INFO:colcon.colcon_core.executor:Executing jobs using 'parallel' executor
[1.096s] DEBUG:colcon.colcon_parallel_executor.executor.parallel:run_until_complete
[1.096s] INFO:colcon.colcon_ros.task.ament_cmake.build:Building ROS package in '/home/chip/ydlidar_ros2_ws/src/ydlidar_ros2_driver' with build type 'ament_cmake'
[1.096s] INFO:colcon.colcon_cmake.task.cmake.build:Building CMake package in '/home/chip/ydlidar_ros2_ws/src/ydlidar_ros2_driver'
[1.102s] INFO:colcon.colcon_core.plugin_system:Skipping extension 'colcon_core.shell.bat': Not used on non-Windows systems
[1.103s] INFO:colcon.colcon_core.shell:Skip shell extension 'powershell' for command environment: Not usable outside of PowerShell
[1.103s] DEBUG:colcon.colcon_core.shell:Skip shell extension 'dsv' for command environment
[1.115s] DEBUG:colcon.colcon_core.event_handler.log_command:Invoking command in '/home/chip/ydlidar_ros2_ws/build/ydlidar_ros2_driver': CMAKE_PREFIX_PATH=/opt/ros/humble CONDA_PROMPT_MODIFIER=(base) /usr/bin/cmake --build /home/chip/ydlidar_ros2_ws/build/ydlidar_ros2_driver -- -j16 -l16
[5.489s] DEBUG:colcon.colcon_core.event_handler.log_command:Invoked command in '/home/chip/ydlidar_ros2_ws/build/ydlidar_ros2_driver' returned '2': CMAKE_PREFIX_PATH=/opt/ros/humble CONDA_PROMPT_MODIFIER=(base) /usr/bin/cmake --build /home/chip/ydlidar_ros2_ws/build/ydlidar_ros2_driver -- -j16 -l16
[5.513s] Level 1:colcon.colcon_core.environment:create_environment_scripts_only(ydlidar_ros2_driver)
[5.520s] Level 1:colcon.colcon_core.environment:checking '/home/chip/ydlidar_ros2_ws/install/ydlidar_ros2_driver' for CMake module files
[5.521s] Level 1:colcon.colcon_core.environment:checking '/home/chip/ydlidar_ros2_ws/install/ydlidar_ros2_driver' for CMake config files
[5.522s] Level 1:colcon.colcon_core.environment:checking '/home/chip/ydlidar_ros2_ws/install/ydlidar_ros2_driver/bin'
[5.522s] Level 1:colcon.colcon_core.environment:checking '/home/chip/ydlidar_ros2_ws/install/ydlidar_ros2_driver/lib/pkgconfig/ydlidar_ros2_driver.pc'
[5.522s] Level 1:colcon.colcon_core.environment:checking '/home/chip/ydlidar_ros2_ws/install/ydlidar_ros2_driver/lib/python3.10/site-packages'
[5.523s] Level 1:colcon.colcon_core.environment:checking '/home/chip/ydlidar_ros2_ws/install/ydlidar_ros2_driver/bin'
[5.523s] INFO:colcon.colcon_core.shell:Creating package script '/home/chip/ydlidar_ros2_ws/install/ydlidar_ros2_driver/share/ydlidar_ros2_driver/package.ps1'
[5.524s] INFO:colcon.colcon_core.shell:Creating package descriptor '/home/chip/ydlidar_ros2_ws/install/ydlidar_ros2_driver/share/ydlidar_ros2_driver/package.dsv'
[5.525s] INFO:colcon.colcon_core.shell:Creating package script '/home/chip/ydlidar_ros2_ws/install/ydlidar_ros2_driver/share/ydlidar_ros2_driver/package.sh'
[5.525s] INFO:colcon.colcon_core.shell:Creating package script '/home/chip/ydlidar_ros2_ws/install/ydlidar_ros2_driver/share/ydlidar_ros2_driver/package.bash'
[5.526s] INFO:colcon.colcon_core.shell:Creating package script '/home/chip/ydlidar_ros2_ws/install/ydlidar_ros2_driver/share/ydlidar_ros2_driver/package.zsh'
[5.527s] Level 1:colcon.colcon_core.environment:create_file_with_runtime_dependencies(/home/chip/ydlidar_ros2_ws/install/ydlidar_ros2_driver/share/colcon-core/packages/ydlidar_ros2_driver)
[5.537s] DEBUG:colcon.colcon_parallel_executor.executor.parallel:closing loop
[5.538s] DEBUG:colcon.colcon_parallel_executor.executor.parallel:loop closed
[5.538s] DEBUG:colcon.colcon_parallel_executor.executor.parallel:run_until_complete finished with '2'
[5.538s] DEBUG:colcon.colcon_core.event_reactor:joining thread
[5.648s] INFO:colcon.colcon_core.plugin_system:Skipping extension 'colcon_notification.desktop_notification.notify_send': Could not find 'notify-send'
[5.648s] INFO:colcon.colcon_core.plugin_system:Skipping extension 'colcon_notification.desktop_notification.terminal_notifier': Not used on non-Darwin systems
[5.648s] INFO:colcon.colcon_core.plugin_system:Skipping extension 'colcon_notification.desktop_notification.win32': Not used on non-Windows systems
[5.648s] INFO:colcon.colcon_notification.desktop_notification:Sending desktop notification using 'notify2'
[5.650s] DEBUG:colcon.colcon_notification.desktop_notification.notify2:Failed to initialize notify2: org.freedesktop.DBus.Error.ServiceUnknown: The name org.freedesktop.Notifications was not provided by any .service files
[5.651s] DEBUG:colcon.colcon_core.event_reactor:joined thread
[5.651s] INFO:colcon.colcon_core.shell:Creating prefix script '/home/chip/ydlidar_ros2_ws/install/local_setup.ps1'
[5.652s] INFO:colcon.colcon_core.shell:Creating prefix util module '/home/chip/ydlidar_ros2_ws/install/_local_setup_util_ps1.py'
[5.653s] INFO:colcon.colcon_core.shell:Creating prefix chain script '/home/chip/ydlidar_ros2_ws/install/setup.ps1'
[5.655s] INFO:colcon.colcon_core.shell:Creating prefix script '/home/chip/ydlidar_ros2_ws/install/local_setup.sh'
[5.655s] INFO:colcon.colcon_core.shell:Creating prefix util module '/home/chip/ydlidar_ros2_ws/install/_local_setup_util_sh.py'
[5.656s] INFO:colcon.colcon_core.shell:Creating prefix chain script '/home/chip/ydlidar_ros2_ws/install/setup.sh'
[5.657s] INFO:colcon.colcon_core.shell:Creating prefix script '/home/chip/ydlidar_ros2_ws/install/local_setup.bash'
[5.657s] INFO:colcon.colcon_core.shell:Creating prefix chain script '/home/chip/ydlidar_ros2_ws/install/setup.bash'
[5.658s] INFO:colcon.colcon_core.shell:Creating prefix script '/home/chip/ydlidar_ros2_ws/install/local_setup.zsh'
[5.659s] INFO:colcon.colcon_core.shell:Creating prefix chain script '/home/chip/ydlidar_ros2_ws/install/setup.zsh'
